<?xml version="1.0" encoding="UTF-8"?>
<!-- Generated by org.testng.reporters.JUnitXMLReporter -->
<testsuite ignored="2" hostname="NurulAfsar" failures="0" tests="2" name="LoginTest" time="35.852" errors="0" timestamp="2023-08-12T21:24:23 BDT">
  <testcase classname="afsar.tests.LoginTest" name="loginTest" time="12.538"/>
  <testcase classname="afsar.tests.DashBoardTest" name="DashboardTest" time="18.26"/>
  <testcase classname="afsar.drivers.BaseDriver" name="@AfterSuite close" time="0.0">
    <ignored/>
  </testcase> <!-- @AfterSuite close -->
  <testcase classname="afsar.drivers.BaseDriver" name="@BeforeSuite start" time="0.0">
    <ignored/>
  </testcase> <!-- @BeforeSuite start -->
</testsuite> <!-- LoginTest -->
