<?xml version="1.0" encoding="UTF-8"?>
<!-- Generated by org.testng.reporters.JUnitXMLReporter -->
<testsuite ignored="0" hostname="NurulAfsar" failures="0" tests="5" name="LoginTest2" time="105.14" errors="0" timestamp="2023-08-15T11:59:14 BDT">
  <testcase classname="afsar.tests.LoginTest" name="loginTest1" time="12.481"/>
  <testcase classname="afsar.tests.LoginTest" name="loginTest1" time="12.376"/>
  <testcase classname="afsar.tests.LoginTest" name="loginTest1" time="12.364"/>
  <testcase classname="afsar.tests.LoginTest" name="loginTest1" time="12.32"/>
  <testcase classname="afsar.tests.LoginTest" name="loginTest1" time="12.319"/>
</testsuite> <!-- LoginTest2 -->
