<?xml version="1.0" encoding="UTF-8"?>
<!-- Generated by org.testng.reporters.JUnitXMLReporter -->
<testsuite ignored="2" hostname="NurulAfsar" failures="0" tests="2" name="LoginTest" time="109.453" errors="0" timestamp="2023-08-15T10:05:09 BDT">
  <testcase classname="afsar.tests.LoginTest" name="loginTest" time="12.55"/>
  <testcase classname="afsar.tests.DashBoardTest" name="DashboardTest" time="14.22"/>
  <testcase classname="afsar.drivers.BaseDriver" name="@AfterSuite close" time="0.0">
    <ignored/>
  </testcase> <!-- @AfterSuite close -->
  <testcase classname="afsar.drivers.BaseDriver" name="@BeforeSuite start" time="0.0">
    <ignored/>
  </testcase> <!-- @BeforeSuite start -->
</testsuite> <!-- LoginTest -->
