<?xml version="1.0" encoding="UTF-8"?>
<testng-results ignored="0" total="1" passed="1" failed="0" skipped="0">
  <reporter-output>
  </reporter-output>
  <suite started-at="2023-08-09T14:00:14 BDT" name="Default suite" finished-at="2023-08-09T14:00:29 BDT" duration-ms="15368">
    <groups>
    </groups>
    <test started-at="2023-08-09T14:00:14 BDT" name="Default test" finished-at="2023-08-09T14:00:29 BDT" duration-ms="15368">
      <class name="afsar.TestCases.LoginTest">
        <test-method is-config="true" signature="start()[pri:0, instance:afsar.TestCases.LoginTest@302c971f]" started-at="2023-08-09T14:00:11 BDT" name="start" finished-at="2023-08-09T14:00:14 BDT" duration-ms="2498" status="PASS">
          <reporter-output>
          </reporter-output>
        </test-method> <!-- start -->
        <test-method is-config="true" signature="openUrl()[pri:0, instance:afsar.TestCases.LoginTest@302c971f]" started-at="2023-08-09T14:00:14 BDT" name="openUrl" finished-at="2023-08-09T14:00:24 BDT" duration-ms="10318" status="PASS">
          <reporter-output>
          </reporter-output>
        </test-method> <!-- openUrl -->
        <test-method signature="loginTest()[pri:0, instance:afsar.TestCases.LoginTest@302c971f]" started-at="2023-08-09T14:00:24 BDT" name="loginTest" finished-at="2023-08-09T14:00:29 BDT" duration-ms="5008" status="PASS">
          <reporter-output>
          </reporter-output>
        </test-method> <!-- loginTest -->
        <test-method is-config="true" signature="close()[pri:0, instance:afsar.TestCases.LoginTest@302c971f]" started-at="2023-08-09T14:00:29 BDT" name="close" finished-at="2023-08-09T14:00:29 BDT" duration-ms="271" status="PASS">
          <reporter-output>
          </reporter-output>
        </test-method> <!-- close -->
      </class> <!-- afsar.TestCases.LoginTest -->
    </test> <!-- Default test -->
  </suite> <!-- Default suite -->
</testng-results>
